<?xml version="1.0" encoding="UTF-8"?>
<testsuite name="com.example.projectcatalog.ExampleUnitTest" tests="1" skipped="0" failures="0" errors="0" timestamp="2023-11-02T22:43:11" hostname="Alisons-MBP" time="0.002">
  <properties/>
  <testcase name="addition_isCorrect" classname="com.example.projectcatalog.ExampleUnitTest" time="0.002"/>
  <system-out><![CDATA[]]></system-out>
  <system-err><![CDATA[]]></system-err>
</testsuite>
